<?xml version="1.0" encoding="UTF-8"?>
<trace:TraceModel xmi:version="2.0" xmlns:xmi="http://www.omg.org/XMI" xmlns:trace="http://www.eclipse.org/gmf/2006/Trace">
  <nodeTraces visualID="2001" queryText="(let _eClass_:ecore::EClass = modelFacet.metaClass.ecoreClass in _eClass_.ePackage.nsURI = 'http://www.eclipse.org/gmf/2005/GraphicalDefinition' and _eClass_.name = 'Compartment') and (let _containmentMF_:ecore::EStructuralFeature = modelFacet.containmentMetaFeature.ecoreFeature in (let _eClass_:ecore::EClass = _containmentMF_.eContainingClass in _eClass_.ePackage.nsURI = 'http://www.eclipse.org/gmf/2005/GraphicalDefinition' and _eClass_.name = 'Canvas') and _containmentMF_.name = 'compartments')">
    <nodeLabelTraces visualID="5001" queryText="true"/>
    <compartmentTraces visualID="7001" queryText="true"/>
  </nodeTraces>
  <nodeTraces visualID="2002" queryText="(let _eClass_:ecore::EClass = modelFacet.metaClass.ecoreClass in _eClass_.ePackage.nsURI = 'http://www.eclipse.org/gmf/2005/GraphicalDefinition' and _eClass_.name = 'Node') and (let _containmentMF_:ecore::EStructuralFeature = modelFacet.containmentMetaFeature.ecoreFeature in (let _eClass_:ecore::EClass = _containmentMF_.eContainingClass in _eClass_.ePackage.nsURI = 'http://www.eclipse.org/gmf/2005/GraphicalDefinition' and _eClass_.name = 'Canvas') and _containmentMF_.name = 'nodes')">
    <nodeLabelTraces visualID="5002" queryText="true"/>
    <compartmentTraces visualID="7002" queryText="true"/>
  </nodeTraces>
  <nodeTraces visualID="2003" queryText="(let _eClass_:ecore::EClass = modelFacet.metaClass.ecoreClass in _eClass_.ePackage.nsURI = 'http://www.eclipse.org/gmf/2005/GraphicalDefinition' and _eClass_.name = 'Connection') and (let _containmentMF_:ecore::EStructuralFeature = modelFacet.containmentMetaFeature.ecoreFeature in (let _eClass_:ecore::EClass = _containmentMF_.eContainingClass in _eClass_.ePackage.nsURI = 'http://www.eclipse.org/gmf/2005/GraphicalDefinition' and _eClass_.name = 'Canvas') and _containmentMF_.name = 'connections')">
    <nodeLabelTraces visualID="5003" queryText="true"/>
    <compartmentTraces visualID="7003" queryText="true"/>
  </nodeTraces>
  <nodeTraces visualID="2004" queryText="(let _eClass_:ecore::EClass = modelFacet.metaClass.ecoreClass in _eClass_.ePackage.nsURI = 'http://www.eclipse.org/gmf/2005/GraphicalDefinition' and _eClass_.name = 'FigureGallery') and (let _containmentMF_:ecore::EStructuralFeature = modelFacet.containmentMetaFeature.ecoreFeature in (let _eClass_:ecore::EClass = _containmentMF_.eContainingClass in _eClass_.ePackage.nsURI = 'http://www.eclipse.org/gmf/2005/GraphicalDefinition' and _eClass_.name = 'Canvas') and _containmentMF_.name = 'figures')">
    <nodeLabelTraces visualID="5004" queryText="true"/>
    <compartmentTraces visualID="7004" queryText="true"/>
  </nodeTraces>
  <childNodeTraces visualID="3001" queryText="(let _eClass_:ecore::EClass = modelFacet.metaClass.ecoreClass in _eClass_.ePackage.nsURI = 'http://www.eclipse.org/gmf/2005/GraphicalDefinition' and _eClass_.name = 'Rectangle') and (let _containmentMF_:ecore::EStructuralFeature = modelFacet.containmentMetaFeature.ecoreFeature in (let _eClass_:ecore::EClass = _containmentMF_.eContainingClass in _eClass_.ePackage.nsURI = 'http://www.eclipse.org/gmf/2005/GraphicalDefinition' and _eClass_.name = 'FigureGallery') and _containmentMF_.name = 'figures')"/>
  <childNodeTraces visualID="3002" queryText="(let _eClass_:ecore::EClass = modelFacet.metaClass.ecoreClass in _eClass_.ePackage.nsURI = 'http://www.eclipse.org/gmf/2005/GraphicalDefinition' and _eClass_.name = 'Rectangle') and (let _containmentMF_:ecore::EStructuralFeature = modelFacet.containmentMetaFeature.ecoreFeature in (let _eClass_:ecore::EClass = _containmentMF_.eContainingClass in _eClass_.ePackage.nsURI = 'http://www.eclipse.org/gmf/2005/GraphicalDefinition' and _eClass_.name = 'Figure') and _containmentMF_.name = 'children')"/>
  <childNodeTraces visualID="3003" queryText="(let _eClass_:ecore::EClass = modelFacet.metaClass.ecoreClass in _eClass_.ePackage.nsURI = 'http://www.eclipse.org/gmf/2005/GraphicalDefinition' and _eClass_.name = 'Ellipse') and (let _containmentMF_:ecore::EStructuralFeature = modelFacet.containmentMetaFeature.ecoreFeature in (let _eClass_:ecore::EClass = _containmentMF_.eContainingClass in _eClass_.ePackage.nsURI = 'http://www.eclipse.org/gmf/2005/GraphicalDefinition' and _eClass_.name = 'Figure') and _containmentMF_.name = 'children')"/>
  <childNodeTraces visualID="3004" queryText="(let _eClass_:ecore::EClass = modelFacet.metaClass.ecoreClass in _eClass_.ePackage.nsURI = 'http://www.eclipse.org/gmf/2005/GraphicalDefinition' and _eClass_.name = 'RoundedRectangle') and (let _containmentMF_:ecore::EStructuralFeature = modelFacet.containmentMetaFeature.ecoreFeature in (let _eClass_:ecore::EClass = _containmentMF_.eContainingClass in _eClass_.ePackage.nsURI = 'http://www.eclipse.org/gmf/2005/GraphicalDefinition' and _eClass_.name = 'Figure') and _containmentMF_.name = 'children')"/>
  <childNodeTraces visualID="3005" queryText="(let _eClass_:ecore::EClass = modelFacet.metaClass.ecoreClass in _eClass_.ePackage.nsURI = 'http://www.eclipse.org/gmf/2005/GraphicalDefinition' and _eClass_.name = 'Polyline') and (let _containmentMF_:ecore::EStructuralFeature = modelFacet.containmentMetaFeature.ecoreFeature in (let _eClass_:ecore::EClass = _containmentMF_.eContainingClass in _eClass_.ePackage.nsURI = 'http://www.eclipse.org/gmf/2005/GraphicalDefinition' and _eClass_.name = 'Figure') and _containmentMF_.name = 'children')"/>
  <childNodeTraces visualID="3006" queryText="(let _eClass_:ecore::EClass = modelFacet.metaClass.ecoreClass in _eClass_.ePackage.nsURI = 'http://www.eclipse.org/gmf/2005/GraphicalDefinition' and _eClass_.name = 'Ellipse') and (let _containmentMF_:ecore::EStructuralFeature = modelFacet.containmentMetaFeature.ecoreFeature in (let _eClass_:ecore::EClass = _containmentMF_.eContainingClass in _eClass_.ePackage.nsURI = 'http://www.eclipse.org/gmf/2005/GraphicalDefinition' and _eClass_.name = 'FigureGallery') and _containmentMF_.name = 'figures')"/>
  <childNodeTraces visualID="3007" queryText="(let _eClass_:ecore::EClass = modelFacet.metaClass.ecoreClass in _eClass_.ePackage.nsURI = 'http://www.eclipse.org/gmf/2005/GraphicalDefinition' and _eClass_.name = 'RoundedRectangle') and (let _containmentMF_:ecore::EStructuralFeature = modelFacet.containmentMetaFeature.ecoreFeature in (let _eClass_:ecore::EClass = _containmentMF_.eContainingClass in _eClass_.ePackage.nsURI = 'http://www.eclipse.org/gmf/2005/GraphicalDefinition' and _eClass_.name = 'FigureGallery') and _containmentMF_.name = 'figures')"/>
  <childNodeTraces visualID="3008" queryText="(let _eClass_:ecore::EClass = modelFacet.metaClass.ecoreClass in _eClass_.ePackage.nsURI = 'http://www.eclipse.org/gmf/2005/GraphicalDefinition' and _eClass_.name = 'Polyline') and (let _containmentMF_:ecore::EStructuralFeature = modelFacet.containmentMetaFeature.ecoreFeature in (let _eClass_:ecore::EClass = _containmentMF_.eContainingClass in _eClass_.ePackage.nsURI = 'http://www.eclipse.org/gmf/2005/GraphicalDefinition' and _eClass_.name = 'FigureGallery') and _containmentMF_.name = 'figures')"/>
  <linkTraces visualID="4001" queryText="modelFacet.oclIsKindOf(gmfgen::FeatureLinkModelFacet) and (let _feature_:ecore::EStructuralFeature = modelFacet.oclAsType(gmfgen::FeatureLinkModelFacet).metaFeature.ecoreFeature in (let _eClass_:ecore::EClass = _feature_.eContainingClass in _eClass_.ePackage.nsURI = 'http://www.eclipse.org/gmf/2005/GraphicalDefinition' and _eClass_.name = 'DiagramElement') and _feature_.name = 'figure')"/>
</trace:TraceModel>
