<?xml version="1.0" encoding="UTF-8"?>
<trace:TraceModel xmi:version="2.0"
    xmlns:xmi="http://www.omg.org/XMI"
    xmlns:trace="http://www.eclipse.org/gmf/2006/Trace">
  <nodeTraces
      visualID="2001"
      queryText="modelFacet = null"/>
  <nodeTraces
      visualID="2002"
      queryText="modelFacet = null"/>
  <childNodeTraces
      visualID="3001"
      queryText="modelFacet = null"/>
  <childNodeTraces
      visualID="3002"
      queryText="modelFacet = null"/>
  <linkTraces
      visualID="4001"
      queryText="modelFacet = null"/>
</trace:TraceModel>
